🚀 Google Maps Scraper — Tangerang Raya
   Kecamatan: 49 target(s)
   Categories: kuliner, jasa, otomotif, kecantikan, retail, kesehatan, rumah_sakit, mall, klinik, taman, tempat_ibadah, lainnya
   Target list: Balaraja, Cikupa, Cisauk, Cisoka, Curug, Gunung Kaler, Jambe, Jayanti, Kelapa Dua, Kemiri, Kosambi, Kresek, Kronjo, Legok, Mauk, Mekar Baru, Pagedangan, Pakuhaji, Panongan, Pasar Kemis, Rajeg, Sepatan, Sepatan Timur, Sindang Jaya, Solear, Sukadiri, Sukamulya, Teluknaga, Tigaraksa, Batuceper, Benda, Cibodas, Ciledug, Cipondoh, Jatiuwung, Karang Tengah, Karawaci, Larangan, Neglasari, Periuk, Pinang, Tangerang, Ciputat, Ciputat Timur, Pamulang, Pondok Aren, Serpong, Serpong Utara, Setu


════════════════════════════════════════════════════════════
📍 Kecamatan: Balaraja — Kabupaten Tangerang
   Center: -6.2356, 106.535
════════════════════════════════════════════════════════════
📂 Loaded 34 places from partial save

🔍 [Balaraja / kuliner] "warung makan di Balaraja, Kabupaten Tangerang"
   URL: https://www.google.com/maps/search/warung%20makan%20di%20Balaraja%2C%20Kabupaten%20Tangerang/@-6.2356,106.535,14z
    ✅ Reached end of results
   📍 Found 108 place links
   ⏭️ Skipping RM. Pondok Moro Seneng (Already has website: https://www.instagram.com/pondokmoroseneng/)
   ⏭️ Skipping Teras Kayoe (Already has website: http://www.instagram.com/teraskayoe_)
   ⏭️ Skipping ROSCIK PERMATA BALARAJA (Already has website: https://roscik.id/)
   ⏭️ Skipping Kampoeng Kalapa (Already has website: https://linktr.ee/kampoengkalapa)
   ⏭️ Skipping D'COST Mall Ciputra Tangerang (Already has website: http://dcostseafood.id/)
   ⏭️ Skipping Rumah Makan 99 Seafood (Already has website: http://www.seafood99.com/)
   ✅ Rm.Sapayuang Basamo (ChIJITf-rXUB...)
  💾 Partial save: 35 places
   ⏭️ Skipping Manis Mata Cafe (Already has website: https://linktr.ee/manismata)
   ✅ Wedrink Balaraja (ChIJCUb1ygMB...)
  💾 Partial save: 36 places
   ✅ Rumah Makan Sunda Bambu Kuning (ChIJ6dXixP8G...)
  💾 Partial save: 37 places
   ⏭️ Skipping LORA CAFE (Already has website: https://instagram.com/cafe.lora?igshid=NTdlMDg3MTY=)
   ✅ BAKSO TAYCHAN (ChIJh32KJukB...)
  💾 Partial save: 38 places
   ✅ WARUNG MAKAN PETRUK (ChIJ6TDx2hEB...)
  💾 Partial save: 39 places
   ✅ Rumah Makan Detiga Masakan padang (ChIJXeUFcaoB...)
  💾 Partial save: 40 places
   ✅ Rumah Makan Padang Cahaya Delima (ChIJLVwxgc0H...)
  💾 Partial save: 41 places
   ✅ Seblak azbil balaraja (ChIJdSKF1YMB...)
  💾 Partial save: 42 places
   ✅ Rumah Makan 89 (ChIJQRx0WJ_9...)
  💾 Partial save: 43 places
   ✅ Ketoprak Mang Kodir (ChIJp5FCY9kB...)
  💾 Partial save: 44 places
   ✅ Rumah Makan Sinar Alam (ChIJ--5ix0z9...)
  💾 Partial save: 45 places
   ✅ Bakso Ayam Bakar Lesehan Ngayem Masmul (ChIJSdsGUJsB...)
  💾 Partial save: 46 places
   ✅ Warung Nasi Barokah Bumiayu (ChIJT5rLV5gB...)
  💾 Partial save: 47 places
   ✅ WARUNG PONOROGO / PECEL LELE (ChIJE5AktZ4B...)
  💾 Partial save: 48 places
   ✅ Rumah Makan Padang Tuah Sakato (ChIJebI-FwsB...)
  💾 Partial save: 49 places
   ✅ Mutiara Warung (ChIJg_Z68RIB...)
  💾 Partial save: 50 places
   ⏭️ Skipping Dimsum ceuceu BLJ (Already has website: https://www.instagram.com/dimsumceu9?utm_source=qr&igsh=ZGxqZTEwcThsOGx0)
   ✅ Dapoer Loreng Puyuh Goreng Sambal Ijo (ChIJO9sSmhkB...)
  💾 Partial save: 51 places
   ✅ Warung Restin (ChIJb97lLIIB...)
  💾 Partial save: 52 places
   ✅ Kedai Nasi Padang Anugerah Putera (ChIJGclUAvIB...)
  💾 Partial save: 53 places
   ✅ RM. Mie Ayam & Bakso Rudal DITA (ChIJJ8zj6FoD...)
  💾 Partial save: 54 places
   ✅ Raos Dop Chicken & Burger (ChIJfVSG_ZwB...)
  💾 Partial save: 55 places
   ✅ RM Ikan Bakar Talang (ChIJwRi9MAsB...)
  💾 Partial save: 56 places
   ✅ Dapur Madiv (ChIJgQCH1qQB...)
  💾 Partial save: 57 places
   ✅ Warung mamah ghina (ChIJLQK7NesB...)
  💾 Partial save: 58 places
   ⏭️ Skipping Dolan Angkringan (Already has website: https://www.instagram.com/dolanangkringan.id?igsh=MW9sYTk1MHUzcWhweA==)
   ✅ rumah makan uwais (ChIJFfsW1EMB...)
  💾 Partial save: 59 places
   ✅ Rumah Makan 10 Sapuluah (ChIJeRw2haUB...)
  💾 Partial save: 60 places
   ✅ Ayam Bakar DE GORA (ChIJUzOlRHwD...)
  💾 Partial save: 61 places
   ✅ warung nasi mang eli (ChIJiW8k6mIB...)
  💾 Partial save: 62 places
   ✅ Hasanah food and beverage (ChIJPwPG0nsB...)
  💾 Partial save: 63 places
   ✅ Bakso Barokah Permata Balaraja (ChIJn4XFUwAB...)
  💾 Partial save: 64 places
   ✅ saung sundara (ChIJyUGVRAAH...)
  💾 Partial save: 65 places
   ✅ Bakso Sultan Mukbang (ChIJKbg-NwAB...)
  💾 Partial save: 66 places
   ✅ Rumah Helmi (ChIJMRbUWgAB...)
  💾 Partial save: 67 places
   ✅ Warung makan sikembar (ChIJUcscTJwB...)
  💾 Partial save: 68 places
   ⏭️ Skipping Warung Makan Selera (Already has website: https://bit.ly/3l8VqmO)
   ✅ WARUNG SOTO MAMA ENUNG (ChIJI5p43gwB...)
  💾 Partial save: 69 places
   ✅ WS (warung seis) (ChIJeYnplA0B...)
  💾 Partial save: 70 places
   ✅ Pecel Lele 22 Samping Rsud Tobat Balaraja (ChIJi8qvvtcD...)
  💾 Partial save: 71 places
   ✅ Warteg Mandiri (ChIJAeBSGJ8B...)
  💾 Partial save: 72 places
   ✅ PIZZAmart77 (ChIJaSdsqH8B...)
  💾 Partial save: 73 places
   ✅ MIE JeuBEWWW LOKASARI (ChIJ72eszZEB...)
  💾 Partial save: 74 places
   ✅ Warung nasi ibu nani (ChIJ9YN27UcB...)
  💾 Partial save: 75 places
   ⏭️ Skipping Pizza Hut Delivery - PHD Indonesia (Already has website: https://www.pizzahut.co.id/)
   ✅ HELLO CABELL (ChIJjUHDuKUD...)
  💾 Partial save: 76 places
   ✅ Nasi Goreng HAFIZ (ChIJW5l9VbMD...)
  💾 Partial save: 77 places
   ✅ Mine Cafe & Coffee (ChIJL7Lfb6UB...)
  💾 Partial save: 78 places
   ✅ Bakso Jawa Timur Sukajaya (ChIJmRm-HXYB...)
  💾 Partial save: 79 places
   ✅ Warung makan si teteh (ChIJfRV0GRkB...)
  💾 Partial save: 80 places
   ✅ Ayam geprek Bandung kang wawan (ChIJhXfUuckB...)
  💾 Partial save: 81 places
   ⏭️ Skipping Waroeng Sunda (Already has website: https://www.waroengsunda.com/)
   ✅ Ciffest Citra Raya Cikupa (ChIJOXEO3E0H...)
  💾 Partial save: 82 places
   ✅ PUTRA SEKAWAN SOTO LAMONGAN (ChIJ965RXpsB...)
  💾 Partial save: 83 places
   ✅ Bakso & Mie ayam Solo (ChIJF88z6nQB...)
  💾 Partial save: 84 places
   ✅ Warung Makan BAROKAH (ChIJV7MbD5AB...)
  💾 Partial save: 85 places
   ✅ Warung Makan Andalan Umi (ChIJu1HtUqcB...)
  💾 Partial save: 86 places
   ✅ Tempat penyortiran balaraja (ChIJPU5dGQAB...)
  💾 Partial save: 87 places
   ✅ D’Mie dan Ayam D’Kremes Tongku (ChIJhRI4QXwB...)
  💾 Partial save: 88 places
   ✅ Rumah Makan Padang 99 (ChIJBVrAR5oA...)
  💾 Partial save: 89 places
   ✅ Warung makan warteg Berkah (ChIJS5RqoFQB...)
  💾 Partial save: 90 places
   ✅ Warung Makan Suramadu (ChIJYzOfUnwH...)
  💾 Partial save: 91 places
   ✅ Warung makan mamah mufa (ChIJE6bsCuYB...)
  💾 Partial save: 92 places
   ✅ Martabak Bangka liem, Balaraja (ChIJueS_lZwB...)
  💾 Partial save: 93 places
   ✅ SOTO PADANG "UNCU" (ChIJYRwzhmcB...)
  💾 Partial save: 94 places
   ✅ Warung makan (ChIJnR65cTIH...)
  💾 Partial save: 95 places
   ➕ 61 new places added (total: 95)

🔍 [Balaraja / kuliner] "depot makan Balaraja, Kabupaten Tangerang"
   URL: https://www.google.com/maps/search/depot%20makan%20Balaraja%2C%20Kabupaten%20Tangerang/@-6.2356,106.535,14z
    ✅ Reached end of results
   📍 Found 118 place links
   ✅ RM. TOKJA PASIR BANDUNG RASA (ChIJzYfNfGsB...)
  💾 Partial save: 96 places
   ✅ Mie Gacoan Tangerang - Balaraja (ChIJzwdieAAB...)
  💾 Partial save: 97 places
   ✅ WARUNG IBU HARYATI (ChIJZ0DXQW8B...)
  💾 Partial save: 98 places
   ✅ Warteg Muncul Jaya Balaraja (ChIJFd8ZYN8D...)
  💾 Partial save: 99 places
   ✅ Warung kopi rest area Balaraja (ChIJPU79MgID...)
  💾 Partial save: 100 places
   ✅ Rumah makan ayam bakar nusantara (ChIJSbLxVwgD...)
  💾 Partial save: 101 places
   ✅ Kebuli Papi Ndut' (ChIJ8-nu3wwB...)
  💾 Partial save: 102 places
   ✅ Rm.lesehan mbak nur (ChIJ85ihrIYB...)
  💾 Partial save: 103 places
   ✅ Rumah makan (ChIJBc3Vn64D...)
  💾 Partial save: 104 places
   ✅ warung nasi Damar (ChIJzU5rKacB...)
  💾 Partial save: 105 places
   ✅ Warung Nasi Uduk (ChIJSUfUQwAD...)
  💾 Partial save: 106 places
   ✅ Geprek Bensu Balaraja (ChIJnT0LCPgB...)
  💾 Partial save: 107 places
   ✅ Warung Makan Anugrah Jaya Lamongan (ChIJpfqEeNMD...)
  💾 Partial save: 108 places
   ✅ Warung Nasi Mbak I'a (ChIJ23cTZGoB...)
  💾 Partial save: 109 places
   ✅ Warung Desa (ChIJd8Ls6E0H...)
  💾 Partial save: 110 places
   ✅ Warung Nasi Citra Rasa Seleraku (ChIJB0XuWkID...)
  💾 Partial save: 111 places
   ✅ Warung Sunda Pidu'a Abah (ChIJ6cnwWBcB...)
  💾 Partial save: 112 places
   ✅ warung nasi uduk ema emin (ChIJS2P17dcD...)
  💾 Partial save: 113 places
   ✅ Depot Jahe Merah Arrohman GSB (ChIJHUsPbDsB...)
  💾 Partial save: 114 places
   ✅ Rumah Makan Bunga Raya (ChIJQVbSZTEB...)
  💾 Partial save: 115 places
   ✅ Warung Wedang - Balaraja (ChIJfxXdNKoB...)
  💾 Partial save: 116 places
   ✅ CFC Rumah Sakit Umum Daerah Balaraja (ChIJ11U_NwAD...)
  💾 Partial save: 117 places
   ✅ Saung Mie Ayam "NAGIH" (ChIJpabn5QUB...)
  💾 Partial save: 118 places
   ✅ Warung ALFATAL (ChIJ_T6CDwAB...)
  💾 Partial save: 119 places
   ✅ Warung Ibu Ipat Kiwahud (ChIJP2M_kG4D...)
  💾 Partial save: 120 places
   ✅ Rumah Makan Putri Minang (ChIJse7TLL4B...)
  💾 Partial save: 121 places
   ✅ RUMAH MAKAN PADANG JAWA (ChIJe849YwAB...)
  💾 Partial save: 122 places
   ✅ AYAM DAN IKAN BAKAR PANANJUNG (ChIJDXT08TEB...)
  💾 Partial save: 123 places
   ✅ Soto Padang Pasar Balaraja (ChIJgbOr7nQB...)
  💾 Partial save: 124 places
   ✅ Rumah Makan Hj. Minong (ChIJI4EQlnEB...)
  💾 Partial save: 125 places
   ✅ Bakso Lesehan Mas Mul (ChIJVabXBp0B...)
  💾 Partial save: 126 places
   ✅ warung Jajang kp.baru (ChIJFyWZgXsB...)
  💾 Partial save: 127 places
   ✅ WARUNG SEBLAK Si Gede Milik (ChIJbwJxkI0B...)
  💾 Partial save: 128 places
   ✅ Rumah makan Palembang mamah devi (ChIJKz70hY0B...)
  💾 Partial save: 129 places
   ✅ WARUNG IBU NYAI (ChIJl7ntG90D...)
  💾 Partial save: 130 places
   ✅ Warung Kopi Bagas (ChIJEVo2iQ8B...)
  💾 Partial save: 131 places
   ✅ Rumah Makan Hegarmanah (ChIJO7ye-DsB...)
  💾 Partial save: 132 places
   ✅ Warung eceu lilis (ChIJTa6gIHoD...)
  💾 Partial save: 133 places
   ⏭️ Skipping RSUD BALARAJA (Already has website: https://rsudbalaraja.id/)
   ✅ Warung kedai ayam penyet ibu endang (ChIJh4CDcxQB...)
  💾 Partial save: 134 places
   ✅ Rumah tempe balaraja mbak Siti / Soni (ChIJHfrhwloB...)
  💾 Partial save: 135 places
   ✅ Warung ibu mur (ChIJ8z9w-wIB...)
  💾 Partial save: 136 places
   ✅ Warung Luvi (ChIJDXZ9-XgB...)
  💾 Partial save: 137 places
   ✅ Rumah Makan Indah Minang_Masakan Padang (ChIJ29-WuR8B...)
  💾 Partial save: 138 places
   ✅ Warung Nasi Ibu Ariani (ChIJWcXQuNcD...)
  💾 Partial save: 139 places
   ✅ Inaya Bakery & Cake Balaraja (ChIJxfUrQb0B...)
  💾 Partial save: 140 places
   ✅ Warung Bewok (ChIJbQonWSIB...)
  💾 Partial save: 141 places
   ✅ Depot air minum gusQua. (ChIJ0SBjaG4B...)
  💾 Partial save: 142 places
   ✅ Rumah Makan Taraso Juo Masakan Padang (ChIJi8qikl8B...)
  💾 Partial save: 143 places
   ✅ Warung ibu ami (andre) (ChIJz5HKTgAB...)
  💾 Partial save: 144 places
   ✅ Warung kopi abah (ChIJy8k1CAAB...)
  💾 Partial save: 145 places
   ✅ Warung IBU EMIN (ChIJfW7kZrwB...)
  💾 Partial save: 146 places
   ✅ Kantin MDS BALARAJA (ChIJBXmvptED...)
  💾 Partial save: 147 places
   ✅ Warung makan barokah balaraja (ChIJz2QzxrQB...)
  💾 Partial save: 148 places
   ✅ WARUNG PAK KAS (ChIJ_QYy1TsB...)
  💾 Partial save: 149 places
   ✅ WARUNG TEH MAMAH FARID (ChIJm-hlYQAB...)
  💾 Partial save: 150 places
   ✅ WARUNG MAKAN GRIYA SUTERA (ChIJdyIImqEB...)
  💾 Partial save: 151 places
   ⏭️ Skipping Surya Balaraja DMR (Already has website: http://ljhooker.co.id/project/32/pergudangan-surya-grand-cisoka)
   ✅ Warung Makan Gendhis (ChIJMyz6rlMB...)
  💾 Partial save: 152 places
   ✅ Warung Sembako Aura (ChIJfx-k8p4B...)
  💾 Partial save: 153 places
   ✅ Martabak captain balaraja (ChIJJbBlQtcD...)
  💾 Partial save: 154 places
   ✅ Warung mmh ndut (ChIJiVxWQAAB...)
  💾 Partial save: 155 places
   ➕ 60 new places added (total: 155)

🔍 [Balaraja / kuliner] "mie ayam Balaraja, Kabupaten Tangerang"
   URL: https://www.google.com/maps/search/mie%20ayam%20Balaraja%2C%20Kabupaten%20Tangerang/@-6.2356,106.535,14z
    ✅ Reached end of results
   📍 Found 20 place links
   ✅ Mie Ayam Catrek (ChIJcwZDhnQB...)
  💾 Partial save: 156 places
   ✅ MIE AYAM BANGKA SPESIAL MIE NAGIH (ChIJfZXXVgAB...)
  💾 Partial save: 157 places
   ✅ Mie jebew Balaraja (ChIJcUAssNUB...)
  💾 Partial save: 158 places
   ✅ Mie Ayam bakso Mas Kece (ChIJoxidXgED...)
  💾 Partial save: 159 places
   ✅ Mie ayam pangsit laris jaya/cabang SDN01 MERAK (ChIJ64rAKm0B...)
  💾 Partial save: 160 places
   ✅ Mie Ayam Mang Nana (ChIJFd7JoYIB...)
  💾 Partial save: 161 places
   ✅ Mie Ayam dan Bakso Kembar (ChIJuzgwHLcB...)
  💾 Partial save: 162 places
   ✅ Mie Ayam & Bakso Maju Mapan (ChIJmTf9otQB...)
  💾 Partial save: 163 places
   ✅ Bakmi Ayam Jakarta "Bajak" (ChIJT_H7F4oB...)
  💾 Partial save: 164 places
   ✅ Mie ayam Wonogiri Pak de Kino (ChIJaZyZKQAB...)
  💾 Partial save: 165 places
   ✅ Mie Ayam I LOVE YOU, Gerbang Citra Raya Cikupa (ChIJ1XjHafwH...)
  💾 Partial save: 166 places
   ✅ Bakso mercon dan mie ayam jawara tobat huu..haah (ChIJ7zUXfiQD...)
  💾 Partial save: 167 places
   ✅ Mie Ayam & Bakso (ChIJtdUcIXAB...)
  💾 Partial save: 168 places
   ✅ Bakso dan mie ayam pakdhe (ChIJBbUnzC8F...)
  💾 Partial save: 169 places
   ✅ Mie Ayam Bakso Pawon Wonogiri (ChIJ9b7zy80B...)
  💾 Partial save: 170 places
   ✅ BAKSO BOOM DAN MIE AYAM MAS BAY (ChIJWx4mbZwB...)
  💾 Partial save: 171 places
   ✅ Mie ayam pasar gembong (ChIJfaExTu0D...)
  💾 Partial save: 172 places
   ➕ 17 new places added (total: 172)

🔍 [Balaraja / kuliner] "bakso Balaraja, Kabupaten Tangerang"
   URL: https://www.google.com/maps/search/bakso%20Balaraja%2C%20Kabupaten%20Tangerang/@-6.2356,106.535,14z
    ✅ Reached end of results
   📍 Found 100 place links
   ✅ Bakso Djawa (ChIJN0P2ikAH...)
  💾 Partial save: 173 places
   ✅ Bakso Bolo Dewe (ChIJ88nLQ0sH...)
  💾 Partial save: 174 places
   ⏭️ Skipping Bakso Gombong Pak Supri (Already has website: https://gofood.link/a/yF88F1d)
   ✅ Bakso Raja (ChIJQZ_Z3l8H...)
  💾 Partial save: 175 places
   ✅ OJOLALI BASO DAN MIE AYAM (ChIJfY1uxkgH...)
  💾 Partial save: 176 places
   ✅ Bakso Boom Mas Dimas (ChIJDWMl-XgB...)
  💾 Partial save: 177 places
   ✅ Bakso Ikan Malingping (Sella Bestie) (ChIJSZiCeQAH...)
  💾 Partial save: 178 places
   ✅ Bakso Mas Jhon (ChIJ1fg_1HMB...)
  💾 Partial save: 179 places
   ✅ BAKSO MALANG AREMA (ChIJxb080pIB...)
  💾 Partial save: 180 places
   ✅ BAKSO IYAN (ChIJ487RjLsA...)
  💾 Partial save: 181 places
   ✅ Bakso Mas Bejo (ChIJSXcdQXT-...)
  💾 Partial save: 182 places
   ✅ BAKSO & MIE AYAM MARYAM (BM) PADAT KARYA SUKAMULYA CIKUPA (ChIJy5MM5F8H...)
  💾 Partial save: 183 places
   ✅ BAKSO I LOVE U (ChIJyy29JQn_...)
  💾 Partial save: 184 places
   ✅ BASO NON BLOK (ChIJm0s1C9EA...)
  💾 Partial save: 185 places
   ✅ Bakso Boom Mas Ary (ChIJb62K-XAB...)
  💾 Partial save: 186 places
   ✅ Bakso Malang Mas BOWo (ChIJceqo0tX9...)
  💾 Partial save: 187 places
   ✅ Tahu bakso ali (ChIJbzSl1wUB...)
  💾 Partial save: 188 places
   ✅ BAKSO AC (ChIJR6NQ_W0H...)
  💾 Partial save: 189 places
   ✅ BAKSO MALANG PUTRA AREMA (ChIJS1dfDur9...)
  💾 Partial save: 190 places
   ⏭️ Skipping Moza Bakso Lava (Already has website: https://www.tiktok.com/@mmhasbi_food.15?_t=8m81oJB8zw5&_r=1)
   ✅ Centra Bakso Balaraja (ChIJt5FGEQAB...)
  💾 Partial save: 191 places
   ✅ Bakso Tepi Sawah (ChIJ8_Jyp34D...)
  💾 Partial save: 192 places
   ✅ Bakso lava arka (ChIJ__mZWwAD...)
  💾 Partial save: 193 places
   ✅ Bakso Super Mas Min 2 (ChIJoWaePbgB...)
  💾 Partial save: 194 places
   ✅ Bakso Lava Arka 2 (ChIJB8-JaGQD...)
  💾 Partial save: 195 places
   ✅ Bakso Titoti Wonogiri Cabang Cikupa (ChIJNUYCzawA...)
  💾 Partial save: 196 places
   ✅ Bakso kartikasari,selon,kaliasin,Sukamulya, Tangerang,banten (ChIJoegy16MD...)
  💾 Partial save: 197 places
   ✅ BAKSO MAS JHON 2 (ChIJJVQhtkkH...)
  💾 Partial save: 198 places
   ✅ Bakso Jawir Wong Solo (ChIJyfi7s94A...)
  💾 Partial save: 199 places
   ✅ Bakso Balungan Pak Dhe Wardi (ChIJjZsHYZgB...)
  💾 Partial save: 200 places
   ✅ Bakso Sapi Pontianak Karunia (ChIJ73hXsscH...)
  💾 Partial save: 201 places
   ✅ Bakso & mie ayam pondok saga (ChIJCUzRAwAB...)
  💾 Partial save: 202 places
   ✅ Mafia Bakso & Mie Ayam Mas Sumar (ChIJI4f-7ioD...)
  💾 Partial save: 203 places
   ✅ Bakso Ning-nung "Mas Bim-bim" (ChIJnzJqOjcH...)
  💾 Partial save: 204 places
   ✅ BAKSO (ChIJmXdEeQAB...)
  💾 Partial save: 205 places
   ✅ Bakso Bom Solo (ChIJRW5Hl7X-...)
  💾 Partial save: 206 places
   ✅ Bakso aci bahaya (ChIJ04jeEwAB...)
  💾 Partial save: 207 places
   ✅ Dalank bakso (ChIJmxGzKwAB...)
  💾 Partial save: 208 places
   ✅ BAKSO GOMBONG PAK SUPRI (ChIJHWjUMKwH...)
  💾 Partial save: 209 places
   ✅ Kedai Bakso Retiga (ChIJtTlFCY8B...)
  💾 Partial save: 210 places
   ✅ Bakso Mercon Citra Raya (ChIJYdWPA2UH...)
  💾 Partial save: 211 places
   ✅ Saung bambu bakso taychan 2 (ChIJ542XTAAB...)
  💾 Partial save: 212 places
   ✅ Bakso (ChIJvc89GAAB...)
  💾 Partial save: 213 places
   ✅ Baso Aci Juara Cikupa (ChIJdfgZ6O8H...)
  💾 Partial save: 214 places
   ✅ Waroeng bakso sultan (ChIJe_6RMyIH...)
  💾 Partial save: 215 places
   ✅ Bakso Favorit - Citra Raya (ChIJW7JQ3mgH...)
  💾 Partial save: 216 places
   ✅ Bakso & Mie Ayam Soetrisno (ChIJi3xKVNQD...)
  💾 Partial save: 217 places
   ✅ BAKSO ULEG CIPTO ROSO (ChIJ_____34H...)
  💾 Partial save: 218 places
   ✅ BAKSO RUSUK BENGAWAN SOLO (ChIJV84_LgT9...)
  💾 Partial save: 219 places
   ✅ Mie Ayam Bakso Murah Enak Wonogiri (ChIJGfA9nEUH...)
  💾 Partial save: 220 places
   ✅ Bakso slamet (ChIJ8SONT7H9...)
  💾 Partial save: 221 places
   ✅ Mie Ayam Bakso Solo Pak Imam (ChIJmYSGMW8B...)
  💾 Partial save: 222 places
   ✅ BAKSO POMPI bullakan (ChIJ32Ic1S39...)
  💾 Partial save: 223 places
   ✅ BAKSO PAKDE KUMIS (ChIJy3-WDZ4H...)
  💾 Partial save: 224 places
   ✅ Bacigar Baso Aci Garut (ChIJCVf1ip0B...)
  💾 Partial save: 225 places
   ✅ Bakso hauan (ChIJNQ7Ka6UB...)
  💾 Partial save: 226 places
   ✅ BAKSO RUSUK SOLO BALAPAN (ChIJSXJcW339...)
  💾 Partial save: 227 places
   ⏭️ Skipping Bakso dan Mie Ayam Celia 2 (Already has website: https://gofood.co.id/english/serang/restaurant/bakso-mie-ayam-celia-2-cikupa-3c741280-a277-437d-90e2-b6f6e39232bf)
   ✅ Bakso Aci Ogut (ChIJc4jGiGX_...)
  💾 Partial save: 228 places
   ✅ Bakso ikan malingping (ChIJMdRUfJMB...)
  💾 Partial save: 229 places
   ✅ MIE AYAM BAKSO MAMA AL (ChIJyU4ObAAB...)
  💾 Partial save: 230 places
   ✅ Bakso Idola bitung jaya (ChIJj9paAgr-...)
  💾 Partial save: 231 places
   ✅ Bakso Batuga Wow (ChIJFRUS6UUH...)
  💾 Partial save: 232 places
   ✅ Bakso Mekar Asri (ChIJ966jUWYH...)
  💾 Partial save: 233 places
   ✅ BASO Ojo Lali (ChIJxUjcf1IH...)
  💾 Partial save: 234 places
   ✅ MIE AYAM & BAKSO RAHAYU (ChIJr_JjDgAB...)
  💾 Partial save: 235 places
   ✅ Nasi Goreng Bakso Super (ChIJdbsfv9cD...)
  💾 Partial save: 236 places
   ✅ Bakso Beranak Mercon Ibu Jannah (ChIJVysAktP9...)
  💾 Partial save: 237 places
   ✅ Bakso Zona (ChIJJ-LJhYf9...)
  💾 Partial save: 238 places
   ✅ Bakso Mas Gun Citra Raya (ChIJbXFgQMkH...)
  💾 Partial save: 239 places
   ✅ MIE AYAM & BAKSO WONOGIRI MAS KOPRAL (ChIJkbcnUxUH...)
  💾 Partial save: 240 places
   ✅ Warung Mie Ayam Bakso "MAS BRO" Wonogiri (ChIJRcYDVYcH...)
  💾 Partial save: 241 places
   ✅ BAKSO MAMA AJENG (ChIJX6_79DkH...)
  💾 Partial save: 242 places
   ✅ Bakso Dan Mie Ayam Mas Jawir (ChIJB0n_CGsH...)
  💾 Partial save: 243 places
   ✅ BMF Bakso mas fery (ChIJCZdlGAAB...)
  💾 Partial save: 244 places
   ✅ Bakso Kinasih (ChIJn8REu-b9...)
  💾 Partial save: 245 places
   ✅ bakso panut (ChIJO-Wdv8f9...)
  💾 Partial save: 246 places
   ✅ Bakso Tombo Ati (ChIJTRvT5vwH...)
  💾 Partial save: 247 places
   ✅ Bakso Bejo Sinar Bahari (ChIJe8WUKcQH...)
  💾 Partial save: 248 places
   ✅ Bakso Mas Mulyo Restaurant (ChIJyQM6n50B...)
  💾 Partial save: 249 places
   ✅ Bakso malang Arema (ChIJ6y5FOt79...)
  💾 Partial save: 250 places
   ✅ Soetrisno Bakso & Mie ayam (ChIJFZbOp78B...)
  💾 Partial save: 251 places
   ✅ Bakso Malang Cak No (ChIJI89HqkIH...)
  💾 Partial save: 252 places
   ✅ BAKSO MAS DJENGGOT (ChIJKS4BjXMH...)
  💾 Partial save: 253 places
   ✅ BAKSO MONTOK (ChIJuaf96Q8D...)
  💾 Partial save: 254 places
   ✅ Kantor depo balaraja (ChIJ0b7FMCQB...)
  💾 Partial save: 255 places
   ✅ Bakso & Mie Ayam Amey (ChIJixllxpsB...)
  💾 Partial save: 256 places
   ✅ Bakso malang mega mendung (ChIJiaokwJr9...)
  💾 Partial save: 257 places
   ✅ Bakso Super Wonogiri (ChIJy0p7La8H...)
  💾 Partial save: 258 places
   ✅ Mie Ayam Bakso 99 " Bang Udin" (ChIJzVHqEHAH...)
  💾 Partial save: 259 places
   ✅ PONDOK SHAKILA BAKSO & MIE AYAM (ChIJiV0SDk4B...)
  💾 Partial save: 260 places
   ✅ Bakso Budhe Jumeat - Juragan Meatballs (ChIJ5YOSVnD9...)
  💾 Partial save: 261 places
   ➕ 89 new places added (total: 261)

🔍 [Balaraja / kuliner] "kafe di Balaraja, Kabupaten Tangerang"
   URL: https://www.google.com/maps/search/kafe%20di%20Balaraja%2C%20Kabupaten%20Tangerang/@-6.2356,106.535,14z
    ✅ Reached end of results
   📍 Found 118 place links
   ✅ KJU Coffee (ChIJbY31TGwB...)
  💾 Partial save: 262 places
   ⏭️ Skipping The Family Coffee & Resto (Already has website: https://instagram.com/thefamily.coffeeresto?igshid=YmMyMTA2M2Y=)
   ✅ Cafe Ruyuk Sangkar Gagak Putih (ChIJrZgMp8UD...)
  💾 Partial save: 263 places
   ✅ HAZEY COFFEE & RESTO (ChIJI3-miAAH...)
  💾 Partial save: 264 places
   ✅ Kopi Sejuta Jiwa Hub Balaraja (ChIJ8ZplzAQB...)
  💾 Partial save: 265 places
   ⏭️ Skipping Jeduh Coffee (Already has website: http://instagram.com/jeduhind)
   ⏭️ Skipping Kopi Kenangan - Ruko Balaraja (Already has website: http://www.kopikenangan.com/)
   ⏭️ Skipping Dants Coffee & Pastry (Already has website: https://instagram.com/dantscoffee?utm_medium=copy_link)
   ✅ Anemone coffee house (ChIJQ9tHeh0B...)
  💾 Partial save: 266 places
   ✅ shelter Kobra Kedai Ojol Sentul Balaraja km27 (ChIJPSbdZlgB...)
  💾 Partial save: 267 places
   ✅ Toko Kopi Sejko (ChIJlVNVNcsB...)
  💾 Partial save: 268 places
   ✅ Affa Cafe (ChIJk5YkLQAB...)
  💾 Partial save: 269 places
   ✅ ASL Kopi (ChIJV7rgbtcB...)
  💾 Partial save: 270 places
   ✅ CAFE EDAN (ChIJvdV7unUB...)
  💾 Partial save: 271 places
   ✅ Smells Good Coffee Balaraja (ChIJj_B3LtkB...)
  💾 Partial save: 272 places
   ✅ FoodCourt Griya Sutera Balaraja (ChIJQ63wYXMB...)
  💾 Partial save: 273 places
   ✅ ingsun coffee (ChIJLQOlOJAB...)
  💾 Partial save: 274 places
   ✅ aKademi Kopi Balaraja (ChIJCYxkyKkB...)
  💾 Partial save: 275 places
   ⏭️ Skipping Atap Rumah Coffee (Already has website: https://instagram.com/ataprumah.coffee?igshid=YmMyMTA2M2Y=)
   ✅ Top Coffee (ChIJkbPLvtcD...)
  💾 Partial save: 276 places
   ✅ Bu-cin balaraja (ChIJuxBQJLAB...)
  💾 Partial save: 277 places
   ✅ Bubble Sijambul (ChIJSyk9wloD...)
  💾 Partial save: 278 places
   ✅ Basecam SSTI TGR RAYA kawasan matahari balaraja (ChIJnT9M4EsD...)
  💾 Partial save: 279 places
   ✅ Ruang Kopi X Seblak Akang Teteh (ChIJq_0fTlUB...)
  💾 Partial save: 280 places
   ✅ kafe D' Veteran (ChIJy4SYKQAB...)
  💾 Partial save: 281 places
   ✅ Jelly Potter Permata Balaraja (ChIJ_zayDucB...)
  💾 Partial save: 282 places
   ✅ Bingxue Mandiri Kresek Balaraja (ChIJtzfZ9CoB...)
  💾 Partial save: 283 places
   ✅ TERAS CAFE (ChIJLf5CkPEH...)
  💾 Partial save: 284 places
   ✅ Saung teduh (ChIJs9yREZoB...)
  💾 Partial save: 285 places
   ✅ Kedai Nasi dan kosan Mama Eka (ChIJUU64lNcD...)
  💾 Partial save: 286 places
   ✅ Es kelapa muda hore (ChIJT-jOqgYD...)
  💾 Partial save: 287 places
   ✅ tempat Nongkrong (ChIJw7kUcZwD...)
  💾 Partial save: 288 places
   ✅ Nongki (ChIJF1OaNDYB...)
  💾 Partial save: 289 places
   ✅ Rumah Gilang (ChIJofuJJgAB...)
  💾 Partial save: 290 places
   ✅ Warkop sagaya 26 (ChIJScPfOQAB...)
  💾 Partial save: 291 places
   ✅ Angkirangan Wedangbalarasa (ChIJL8DFF9wD...)
  💾 Partial save: 292 places
   ✅ Angkringan Pawon Singgah (ChIJgTuzUBQD...)
  💾 Partial save: 293 places
   ✅ WARMINDO Mang Nana (ChIJ2SFmi9cD...)
  💾 Partial save: 294 places
   ✅ pisang keju... amis thiis.79 (ChIJb4ZGAa0D...)
  💾 Partial save: 295 places
   ✅ PENDOPO RUYUK (ChIJCaeFbM0B...)
  💾 Partial save: 296 places
   ✅ Cafe uduk Mak Haji (ChIJnaGGu2sB...)
  💾 Partial save: 297 places
   ✅ Mie Ayam Mangkok (ChIJz5HuS1gB...)
  💾 Partial save: 298 places
   ✅ Teraskayoe_florist (ChIJU2b32mQB...)
  💾 Partial save: 299 places
   ✅ Balaraja Plaza (ChIJ6aQMi1AB...)
  💾 Partial save: 300 places
   ✅ Angkringan Balaraja (ChIJxcn6uXUB...)
  💾 Partial save: 301 places
   ✅ Mixue Kresek 2 Balaraja (ChIJLz5fSgAB...)
  💾 Partial save: 302 places
   ⏭️ Skipping GRIYA SUTERA BALARAJA (Already has website: https://griyasuterabalaraja.com/)
   ✅ Ngerupuk.Cap.2Bawang (ChIJ-ZkZQr4B...)
  💾 Partial save: 303 places
   ✅ Kedai Mey Mey (ChIJ72nfwRoB...)
  💾 Partial save: 304 places
   ⏭️ Skipping Griya Balaraja (Already has website: http://www.griyabalaraja.com/)
   ✅ Warman (ChIJFwceeQAB...)
  💾 Partial save: 305 places
   ✅ Bubur Tim Azham Cabang Balaraja (ChIJ-8OKlo8B...)
  💾 Partial save: 306 places
   ✅ Bubur sumsum mang koseng (ChIJV7svQNEB...)
  💾 Partial save: 307 places
   ✅ ES Teh Solo SS (ChIJ-02BfQAB...)
  💾 Partial save: 308 places
   ✅ Quick Chicken Kresek 2 (ChIJt4RfPYUB...)
  💾 Partial save: 309 places
   ⏭️ Skipping Jamu dan Wedang Toyyiban Herb (Already has website: https://desty.page/toyyibanherb)
   ⏭️ Skipping Indomaret Balaraja Barat (Already has website: http://www.indomaret.co.id/)
   ✅ Warkop Mamah Nur (ChIJXWW5VgAD...)
  💾 Partial save: 310 places
   ⏭️ Skipping Outlet Kebab Alibaba Saga (Already has website: http://www.kebabalibaba.co.id/)
   ✅ Kue Balok Bandung, Kang Wawan Balaraja (ChIJ13iDoJ0B...)
  💾 Partial save: 311 places
   ✅ Cafe Es Durian Teh Montok (ChIJr-i34175...)
  💾 Partial save: 312 places
   ✅ Angkringan waroeng goching (ChIJZ32M37QB...)
  💾 Partial save: 313 places
   ✅ Hisana Fried Chicken (ChIJUcz_7pwB...)
  💾 Partial save: 314 places
   ⏭️ Skipping Aneka Terang Motor Kebumen (Already has website: https://wa.co.id/)
   ✅ Pondok Aska (ChIJsyMQGDMB...)
  💾 Partial save: 315 places
   ✅ Warteg mas andy (ChIJJxLSXQAD...)
  💾 Partial save: 316 places
   ⏭️ Skipping Martabak Allin Balaraja (Already has website: https://www.instagram.com/martabak.allin?igsh=MTF3a3kxNzRyZXN1dg==)
   ✅ Arfa & kinoshita (ChIJWXzMGAAB...)
  💾 Partial save: 317 places
   ✅ Warung kopi Mang **Kos** (ChIJWapBd8UB...)
  💾 Partial save: 318 places
   ✅ Ceplak Agung (ChIJc8XuEQ4C...)
  💾 Partial save: 319 places
   ✅ Jajanan Viral Balaraja (ChIJ08RkGAAB...)
  💾 Partial save: 320 places
   ✅ Jamu Racikan Depot Jamu Doni (ChIJfxOsC50B...)
  💾 Partial save: 321 places
   ✅ KANGEN PEMPEK (ChIJwY2YXJsB...)
  💾 Partial save: 322 places
   ✅ Es pisang ijo & aneka jajan (ChIJ3zXBxq8B...)
  💾 Partial save: 323 places
   ✅ agen bus balaraja (ChIJzc2PEgAB...)
  💾 Partial save: 324 places
   ✅ NASI GORENG ZHILAL - Harga Murah Rasa Mewah (ChIJvxgC8p0B...)
  💾 Partial save: 325 places
   ✅ WARKOP ONI 1001 (ChIJgYHgv9cD...)
  💾 Partial save: 326 places
   ✅ Warkop Seduh Senja (ChIJf9pctaQB...)
  💾 Partial save: 327 places
   ➕ 66 new places added (total: 327)

🔍 [Balaraja / kuliner] "cafe Balaraja, Kabupaten Tangerang"
   URL: https://www.google.com/maps/search/cafe%20Balaraja%2C%20Kabupaten%20Tangerang/@-6.2356,106.535,14z
    ✅ Reached end of results
   📍 Found 117 place links
   ✅ Cafe Bocil Balaraja (ChIJuW91TAAD...)
  💾 Partial save: 328 places
   ✅ KING AZLAN COFFEE SHOP (ChIJI8-Rx3UB...)
  💾 Partial save: 329 places
   ✅ HAGI Coffee & Billiard (ChIJiwXXmv4B...)
  💾 Partial save: 330 places
   ✅ Story Cafe Balaraja (ChIJi-03NpIB...)
  💾 Partial save: 331 places
   ✅ Abe 2 Cafe (ChIJOwTK93YB...)
  💾 Partial save: 332 places
   ✅ Manga_up_station (ChIJddbGbngB...)
  💾 Partial save: 333 places
   ✅ Dessof Coffee - Coffee Shop (ChIJ453sr3IG...)
  💾 Partial save: 334 places
   ✅ SULTAN CAFE (ChIJY-vuLJkB...)
  💾 Partial save: 335 places
   ✅ Ester pink billiard & cafe (ChIJoU5BvDYB...)
  💾 Partial save: 336 places
   ✅ Kedai Halaman Kita (ChIJNW8k95EB...)
  💾 Partial save: 337 places
   ✅ Mie jebew cafe pakuhaji (ChIJGU8Bpo8B...)
  💾 Partial save: 338 places
   ✅ Shelter SMB BALARAJA (ChIJk2AO8akB...)
  💾 Partial save: 339 places
   ✅ D'fams cafe (ChIJ9zKjPLgD...)
  💾 Partial save: 340 places
   ⏭️ Skipping JCO COFFEE & DONUTS MAL CIPUTRA TANGERANG (Already has website: http://www.jcodonuts.com/)
   ✅ Stim Motor Mas Brew (ChIJqRSgPcAB...)
  💾 Partial save: 341 places
   ✅ Magma choco drink Umi fazila (ChIJtwlWkoEB...)
  💾 Partial save: 342 places
   ✅ Mader coffe / sekertariat MADER CREW (ChIJ3WqgtLQB...)
  💾 Partial save: 343 places
   ✅ PAYON KOPI (ChIJm6ehfKwA...)
  💾 Partial save: 344 places
   ✅ PUSAT GADAI INDONESIA (ChIJedH9mJwB...)
  💾 Partial save: 345 places
   ✅ Waroeng Coffee Cetto (ChIJG_3vAwAB...)
  💾 Partial save: 346 places
   ⏭️ Skipping J.CO DONUTS & COFFEE - Citra Raya (Already has website: http://www.jcodonuts.com/)
   ✅ Es Coklat Gemoy Balaraja (ChIJexvvxXQB...)
  💾 Partial save: 347 places
   ✅ Jawa tengah (ChIJd8WRPAAB...)
  💾 Partial save: 348 places
   ✅ Klik Billiard & Cafe (ChIJjwrQKAAH...)
  💾 Partial save: 349 places
   ✅ Cafe Anggrek Taman Balaraja (ChIJhwMr8U4B...)
  💾 Partial save: 350 places
   ✅ Warung kopi AL Fatih (ChIJm9G-BQAB...)
  💾 Partial save: 351 places
   ✅ Warung gorengan mang hapid (ChIJi-VFBQAB...)
  💾 Partial save: 352 places
